<?xml version="1.0" encoding="UTF-8"?>
<!-- Generated by org.testng.reporters.JUnitReportReporter -->
<testsuite hostname="LAPTOP-TO73PJJS" failures="2" tests="11" name="com.mindtree.runner.TestRunner" time="309.552" errors="1" timestamp="2022-01-18T15:02:57 IST" skipped="0">
  <testcase classname="com.mindtree.runner.TestRunner" name="runScenario" time="11.614"/>
  <testcase classname="com.mindtree.runner.TestRunner" name="runScenario" time="13.386"/>
  <testcase classname="com.mindtree.runner.TestRunner" name="runScenario" time="49.426">
    <failure message="expected [₹ 4657] but found [4657]" type="java.lang.AssertionError">
      <![CDATA[java.lang.AssertionError: expected [₹ 4657] but found [4657]
at org.testng.Assert.fail(Assert.java:97)
at org.testng.Assert.assertEqualsImpl(Assert.java:136)
at org.testng.Assert.assertEquals(Assert.java:118)
at org.testng.Assert.assertEquals(Assert.java:575)
at org.testng.Assert.assertEquals(Assert.java:585)
at com.mindtree.pageobject.outstationpageobject.validate(outstationpageobject.java:83)
at com.mindtree.stepDefination.outstationstepdefinition.validate_car_booking_details(outstationstepdefinition.java:74)
at ✽.validate car booking details(file:///C:/Users/K%20Sailesh/Downloads/CucumberFramework/Features/out.feature:15)
]]>
    </failure>
  </testcase> <!-- runScenario -->
  <testcase classname="com.mindtree.runner.TestRunner" name="runScenario" time="47.467"/>
  <testcase classname="com.mindtree.runner.TestRunner" name="runScenario" time="9.307"/>
  <testcase classname="com.mindtree.runner.TestRunner" name="runScenario" time="28.095"/>
  <testcase classname="com.mindtree.runner.TestRunner" name="runScenario" time="23.506"/>
  <testcase classname="com.mindtree.runner.TestRunner" name="runScenario" time="22.536">
    <error message="Cannot locate element with text: 3:00 PM
For documentation on this error, please visit: https://www.seleniumhq.org/exceptions/no_such_element.html
Build info: version: &#039;3.141.59&#039;, revision: &#039;e82be7d358&#039;, time: &#039;2018-11-14T08:17:03&#039;
System info: host: &#039;LAPTOP-TO73PJJS&#039;, ip: &#039;192.168.0.105&#039;, os.name: &#039;Windows 10&#039;, os.arch: &#039;amd64&#039;, os.version: &#039;10.0&#039;, java.version: &#039;17&#039;
Driver info: driver.version: unknown" type="org.openqa.selenium.NoSuchElementException">
      <![CDATA[org.openqa.selenium.NoSuchElementException: Cannot locate element with text: 3:00 PM
For documentation on this error, please visit: https://www.seleniumhq.org/exceptions/no_such_element.html
Build info: version: '3.141.59', revision: 'e82be7d358', time: '2018-11-14T08:17:03'
System info: host: 'LAPTOP-TO73PJJS', ip: '192.168.0.105', os.name: 'Windows 10', os.arch: 'amd64', os.version: '10.0', java.version: '17'
Driver info: driver.version: unknown
at org.openqa.selenium.support.ui.Select.selectByVisibleText(Select.java:147)
at com.mindtree.reusable.WebDriverHelper.select(WebDriverHelper.java:127)
at com.mindtree.pageobject.localpage.time(localpage.java:41)
at com.mindtree.stepDefination.Localstepdefinition.select_pickup_time(Localstepdefinition.java:50)
at ✽.select pickup time "3:00 PM"(file:///C:/Users/K%20Sailesh/Downloads/CucumberFramework/Features/Local.feature:9)
]]>
    </error>
  </testcase> <!-- runScenario -->
  <testcase classname="com.mindtree.runner.TestRunner" name="runScenario" time="27.983"/>
  <testcase classname="com.mindtree.runner.TestRunner" name="runScenario" time="30.282"/>
  <testcase classname="com.mindtree.runner.TestRunner" name="runScenario" time="45.950">
    <failure message="expected [₹ 7493] but found [4657]" type="java.lang.AssertionError">
      <![CDATA[java.lang.AssertionError: expected [₹ 7493] but found [4657]
at org.testng.Assert.fail(Assert.java:97)
at org.testng.Assert.assertEqualsImpl(Assert.java:136)
at org.testng.Assert.assertEquals(Assert.java:118)
at org.testng.Assert.assertEquals(Assert.java:575)
at org.testng.Assert.assertEquals(Assert.java:585)
at com.mindtree.pageobject.outstationpageobject.validate(outstationpageobject.java:83)
at com.mindtree.stepDefination.outstationstepdefinition.validate_car_type_under_booking_details(outstationstepdefinition.java:130)
at ✽.validate car type under booking details(file:///C:/Users/K%20Sailesh/Downloads/CucumberFramework/Features/out.feature:35)
]]>
    </failure>
  </testcase> <!-- runScenario -->
</testsuite> <!-- com.mindtree.runner.TestRunner -->
